0 info it worked if it ends with ok
1 verbose cli [ '/Users/hiphipjorge/.nvm/versions/node/v6.9.0/bin/node',
1 verbose cli   '/Users/hiphipjorge/.nvm/versions/node/v6.9.0/bin/npm',
1 verbose cli   'run',
1 verbose cli   'test-functional' ]
2 info using npm@4.0.3
3 info using node@v6.9.0
4 verbose stack Error: missing script: test-functional
4 verbose stack     at run (/Users/hiphipjorge/.nvm/versions/node/v6.9.0/lib/node_modules/npm/lib/run-script.js:151:19)
4 verbose stack     at /Users/hiphipjorge/.nvm/versions/node/v6.9.0/lib/node_modules/npm/lib/run-script.js:61:5
4 verbose stack     at /Users/hiphipjorge/.nvm/versions/node/v6.9.0/lib/node_modules/npm/node_modules/read-package-json/read-json.js:356:5
4 verbose stack     at checkBinReferences_ (/Users/hiphipjorge/.nvm/versions/node/v6.9.0/lib/node_modules/npm/node_modules/read-package-json/read-json.js:320:45)
4 verbose stack     at final (/Users/hiphipjorge/.nvm/versions/node/v6.9.0/lib/node_modules/npm/node_modules/read-package-json/read-json.js:354:3)
4 verbose stack     at then (/Users/hiphipjorge/.nvm/versions/node/v6.9.0/lib/node_modules/npm/node_modules/read-package-json/read-json.js:124:5)
4 verbose stack     at /Users/hiphipjorge/.nvm/versions/node/v6.9.0/lib/node_modules/npm/node_modules/read-package-json/read-json.js:311:12
4 verbose stack     at /Users/hiphipjorge/.nvm/versions/node/v6.9.0/lib/node_modules/npm/node_modules/graceful-fs/graceful-fs.js:78:16
4 verbose stack     at tryToString (fs.js:455:3)
4 verbose stack     at FSReqWrap.readFileAfterClose [as oncomplete] (fs.js:442:12)
5 verbose cwd /Users/hiphipjorge/runnable/octobear/test/repos/compose-test-repo-5.1
6 error Darwin 14.5.0
7 error argv "/Users/hiphipjorge/.nvm/versions/node/v6.9.0/bin/node" "/Users/hiphipjorge/.nvm/versions/node/v6.9.0/bin/npm" "run" "test-functional"
8 error node v6.9.0
9 error npm  v4.0.3
10 error missing script: test-functional
11 error If you need help, you may report this error at:
11 error     <https://github.com/npm/npm/issues>
12 verbose exit [ 1, true ]
